<?xml version="1.0" encoding="UTF-8"?>
<testng-results ignored="0" total="1" passed="1" failed="0" skipped="0">
  <reporter-output>
  </reporter-output>
  <suite started-at="2025-07-26T22:32:16 IST" name="Default suite" finished-at="2025-07-26T22:32:21 IST" duration-ms="5550">
    <groups>
    </groups>
    <test started-at="2025-07-26T22:32:16 IST" name="Default test" finished-at="2025-07-26T22:32:21 IST" duration-ms="5550">
      <class name="tests.ListingValidationTest">
        <test-method is-config="true" signature="setup()[pri:0, instance:tests.ListingValidationTest@54e1c68b]" started-at="2025-07-26T22:32:16 IST" name="setup" finished-at="2025-07-26T22:32:20 IST" duration-ms="3968" status="PASS">
          <reporter-output>
          </reporter-output>
        </test-method> <!-- setup -->
        <test-method signature="validateProductListing()[pri:0, instance:tests.ListingValidationTest@54e1c68b]" started-at="2025-07-26T22:32:20 IST" name="validateProductListing" finished-at="2025-07-26T22:32:21 IST" duration-ms="1395" status="PASS">
          <reporter-output>
          </reporter-output>
        </test-method> <!-- validateProductListing -->
        <test-method is-config="true" signature="teardown()[pri:0, instance:tests.ListingValidationTest@54e1c68b]" started-at="2025-07-26T22:32:21 IST" name="teardown" finished-at="2025-07-26T22:32:21 IST" duration-ms="149" status="PASS">
          <reporter-output>
          </reporter-output>
        </test-method> <!-- teardown -->
      </class> <!-- tests.ListingValidationTest -->
    </test> <!-- Default test -->
  </suite> <!-- Default suite -->
</testng-results>
